<?xml version="1.0" encoding="UTF-8"?>
<testsuite xmlns:xsi="http://www.w3.org/2001/XMLSchema-instance" xsi:noNamespaceSchemaLocation="https://maven.apache.org/surefire/maven-surefire-plugin/xsd/surefire-test-report-3.0.xsd" version="3.0" name="com.luv2code.junitdemo.DemoUtilsTest" time="2.093" tests="9" errors="0" skipped="0" failures="0">
  <properties>
[...]
</properties>
  <testcase name="testEqualsAndNotEquals" classname="com.luv2code.junitdemo.DemoUtilsTest" time="0.014">
    <system-out><![CDATA[@BeforeAll executes only once before all tests from the class
@BeforeEach executed before the execution of each test
Running @AfterEach
]]></system-out>
  </testcase>
  <testcase name="testNullAndNotNull" classname="com.luv2code.junitdemo.DemoUtilsTest" time="0.004">
    <system-out><![CDATA[@BeforeEach executed before the execution of each test
Running @AfterEach
]]></system-out>
  </testcase>
  <testcase name="testIfObjectsAreOrNotTheSame" classname="com.luv2code.junitdemo.DemoUtilsTest" time="0.007">
    <system-out><![CDATA[@BeforeEach executed before the execution of each test
Running @AfterEach
]]></system-out>
  </testcase>
  <testcase name="testTrueFalse" classname="com.luv2code.junitdemo.DemoUtilsTest" time="0.003">
    <system-out><![CDATA[@BeforeEach executed before the execution of each test
Running @AfterEach
]]></system-out>
  </testcase>
  <testcase name="testArrays" classname="com.luv2code.junitdemo.DemoUtilsTest" time="0.005">
    <system-out><![CDATA[@BeforeEach executed before the execution of each test
Running @AfterEach
]]></system-out>
  </testcase>
  <testcase name="testIterable" classname="com.luv2code.junitdemo.DemoUtilsTest" time="0.003">
    <system-out><![CDATA[@BeforeEach executed before the execution of each test
Running @AfterEach
]]></system-out>
  </testcase>
  <testcase name="testLines" classname="com.luv2code.junitdemo.DemoUtilsTest" time="0.005">
    <system-out><![CDATA[@BeforeEach executed before the execution of each test
Running @AfterEach
]]></system-out>
  </testcase>
  <testcase name="testThrowsAndDoesNotThrows" classname="com.luv2code.junitdemo.DemoUtilsTest" time="0.006">
    <system-out><![CDATA[@BeforeEach executed before the execution of each test
Running @AfterEach
]]></system-out>
  </testcase>
  <testcase name="testTimeout" classname="com.luv2code.junitdemo.DemoUtilsTest" time="2.025">
    <system-out><![CDATA[@BeforeEach executed before the execution of each test
I am going to sleep
Sleeping over
Running @AfterEach
]]></system-out>
  </testcase>
</testsuite>